# JRE version: OpenJDK Runtime Environment (8.0_242-b01) (build 1.8.0_242-release-1644-b01)
# Java VM: OpenJDK 64-Bit Server VM (25.242-b01 mixed mode windows-amd64 compressed oops)
Heap:
 PSYoungGen      total 400896K, used 33789K [0x00000000e0000000, 0x0000000100000000, 0x0000000100000000)
  eden space 367104K, 0% used [0x00000000e0000000,0x00000000e0000000,0x00000000f6680000)
  from space 33792K, 99% used [0x00000000f6680000,0x00000000f877f4f8,0x00000000f8780000)
  to   space 61440K, 0% used [0x00000000fc400000,0x00000000fc400000,0x0000000100000000)
 ParOldGen       total 117248K, used 117130K [0x00000000a0000000, 0x00000000a7280000, 0x00000000e0000000)
  object space 117248K, 99% used [0x00000000a0000000,0x00000000a7262b00,0x00000000a7280000)
 Metaspace       used 83215K, capacity 86776K, committed 86960K, reserved 1124352K
  class space    used 11135K, capacity 11860K, committed 11952K, reserved 1048576K
GC Heap History (10 events):
Event: 84.465 GC heap after
Heap after GC invocations=14 (full 2):
 PSYoungGen      total 285696K, used 11358K [0x00000000e0000000, 0x00000000f2e80000, 0x0000000100000000)
  eden space 271872K, 0% used [0x00000000e0000000,0x00000000e0000000,0x00000000f0980000)
  from space 13824K, 82% used [0x00000000f2100000,0x00000000f2c179e8,0x00000000f2e80000)
  to   space 18944K, 0% used [0x00000000f0980000,0x00000000f0980000,0x00000000f1c00000)
 ParOldGen       total 43008K, used 37560K [0x00000000a0000000, 0x00000000a2a00000, 0x00000000e0000000)
  object space 43008K, 87% used [0x00000000a0000000,0x00000000a24ae208,0x00000000a2a00000)
 Metaspace       used 57088K, capacity 59062K, committed 59160K, reserved 1099776K
  class space    used 7822K, capacity 8289K, committed 8368K, reserved 1048576K
}
Event: 84.465 GC heap before
{Heap before GC invocations=15 (full 3):
 PSYoungGen      total 285696K, used 11358K [0x00000000e0000000, 0x00000000f2e80000, 0x0000000100000000)
  eden space 271872K, 0% used [0x00000000e0000000,0x00000000e0000000,0x00000000f0980000)
  from space 13824K, 82% used [0x00000000f2100000,0x00000000f2c179e8,0x00000000f2e80000)
  to   space 18944K, 0% used [0x00000000f0980000,0x00000000f0980000,0x00000000f1c00000)
 ParOldGen       total 43008K, used 37560K [0x00000000a0000000, 0x00000000a2a00000, 0x00000000e0000000)
  object space 43008K, 87% used [0x00000000a0000000,0x00000000a24ae208,0x00000000a2a00000)
 Metaspace       used 57088K, capacity 59062K, committed 59160K, reserved 1099776K
  class space    used 7822K, capacity 8289K, committed 8368K, reserved 1048576K
Event: 85.353 GC heap after
Heap after GC invocations=15 (full 3):
 PSYoungGen      total 285696K, used 0K [0x00000000e0000000, 0x00000000f2e80000, 0x0000000100000000)
  eden space 271872K, 0% used [0x00000000e0000000,0x00000000e0000000,0x00000000f0980000)
  from space 13824K, 0% used [0x00000000f2100000,0x00000000f2100000,0x00000000f2e80000)
  to   space 18944K, 0% used [0x00000000f0980000,0x00000000f0980000,0x00000000f1c00000)
 ParOldGen       total 74752K, used 35699K [0x00000000a0000000, 0x00000000a4900000, 0x00000000e0000000)
  object space 74752K, 47% used [0x00000000a0000000,0x00000000a22dce00,0x00000000a4900000)
 Metaspace       used 57088K, capacity 59062K, committed 59160K, reserved 1099776K
  class space    used 7822K, capacity 8289K, committed 8368K, reserved 1048576K
}
Event: 133.341 GC heap before
{Heap before GC invocations=16 (full 3):
 PSYoungGen      total 285696K, used 271872K [0x00000000e0000000, 0x00000000f2e80000, 0x0000000100000000)
  eden space 271872K, 100% used [0x00000000e0000000,0x00000000f0980000,0x00000000f0980000)
  from space 13824K, 0% used [0x00000000f2100000,0x00000000f2100000,0x00000000f2e80000)
  to   space 18944K, 0% used [0x00000000f0980000,0x00000000f0980000,0x00000000f1c00000)
 ParOldGen       total 74752K, used 35699K [0x00000000a0000000, 0x00000000a4900000, 0x00000000e0000000)
  object space 74752K, 47% used [0x00000000a0000000,0x00000000a22dce00,0x00000000a4900000)
 Metaspace       used 63233K, capacity 65788K, committed 65968K, reserved 1105920K
  class space    used 8571K, capacity 9124K, committed 9136K, reserved 1048576K
Event: 133.600 GC heap after
Heap after GC invocations=16 (full 3):
 PSYoungGen      total 290816K, used 18927K [0x00000000e0000000, 0x00000000f9d80000, 0x0000000100000000)
  eden space 271872K, 0% used [0x00000000e0000000,0x00000000e0000000,0x00000000f0980000)
  from space 18944K, 99% used [0x00000000f0980000,0x00000000f1bfbe28,0x00000000f1c00000)
  to   space 22528K, 0% used [0x00000000f8780000,0x00000000f8780000,0x00000000f9d80000)
 ParOldGen       total 74752K, used 38050K [0x00000000a0000000, 0x00000000a4900000, 0x00000000e0000000)
  object space 74752K, 50% used [0x00000000a0000000,0x00000000a2528a20,0x00000000a4900000)
 Metaspace       used 63233K, capacity 65788K, committed 65968K, reserved 1105920K
  class space    used 8571K, capacity 9124K, committed 9136K, reserved 1048576K
}
Event: 191.649 GC heap before
{Heap before GC invocations=17 (full 3):
 PSYoungGen      total 290816K, used 290799K [0x00000000e0000000, 0x00000000f9d80000, 0x0000000100000000)
  eden space 271872K, 100% used [0x00000000e0000000,0x00000000f0980000,0x00000000f0980000)
  from space 18944K, 99% used [0x00000000f0980000,0x00000000f1bfbe28,0x00000000f1c00000)
  to   space 22528K, 0% used [0x00000000f8780000,0x00000000f8780000,0x00000000f9d80000)
 ParOldGen       total 74752K, used 38050K [0x00000000a0000000, 0x00000000a4900000, 0x00000000e0000000)
  object space 74752K, 50% used [0x00000000a0000000,0x00000000a2528a20,0x00000000a4900000)
 Metaspace       used 73479K, capacity 76418K, committed 76592K, reserved 1116160K
  class space    used 9834K, capacity 10459K, committed 10544K, reserved 1048576K
Event: 191.966 GC heap after
Heap after GC invocations=17 (full 3):
 PSYoungGen      total 389632K, used 22518K [0x00000000e0000000, 0x00000000faa80000, 0x0000000100000000)
  eden space 367104K, 0% used [0x00000000e0000000,0x00000000e0000000,0x00000000f6680000)
  from space 22528K, 99% used [0x00000000f8780000,0x00000000f9d7db40,0x00000000f9d80000)
  to   space 33792K, 0% used [0x00000000f6680000,0x00000000f6680000,0x00000000f8780000)
 ParOldGen       total 74752K, used 57642K [0x00000000a0000000, 0x00000000a4900000, 0x00000000e0000000)
  object space 74752K, 77% used [0x00000000a0000000,0x00000000a384a9a0,0x00000000a4900000)
 Metaspace       used 73479K, capacity 76418K, committed 76592K, reserved 1116160K
  class space    used 9834K, capacity 10459K, committed 10544K, reserved 1048576K
}
Event: 222.693 GC heap before
{Heap before GC invocations=18 (full 3):
 PSYoungGen      total 389632K, used 389622K [0x00000000e0000000, 0x00000000faa80000, 0x0000000100000000)
  eden space 367104K, 100% used [0x00000000e0000000,0x00000000f6680000,0x00000000f6680000)
  from space 22528K, 99% used [0x00000000f8780000,0x00000000f9d7db40,0x00000000f9d80000)
  to   space 33792K, 0% used [0x00000000f6680000,0x00000000f6680000,0x00000000f8780000)
 ParOldGen       total 74752K, used 57642K [0x00000000a0000000, 0x00000000a4900000, 0x00000000e0000000)
  object space 74752K, 77% used [0x00000000a0000000,0x00000000a384a9a0,0x00000000a4900000)
 Metaspace       used 83215K, capacity 86776K, committed 86960K, reserved 1124352K
  class space    used 11135K, capacity 11860K, committed 11952K, reserved 1048576K
Event: 224.193 GC heap after
Heap after GC invocations=18 (full 3):
 PSYoungGen      total 400896K, used 33789K [0x00000000e0000000, 0x0000000100000000, 0x0000000100000000)
  eden space 367104K, 0% used [0x00000000e0000000,0x00000000e0000000,0x00000000f6680000)
  from space 33792K, 99% used [0x00000000f6680000,0x00000000f877f4f8,0x00000000f8780000)
  to   space 61440K, 0% used [0x00000000fc400000,0x00000000fc400000,0x0000000100000000)
 ParOldGen       total 117248K, used 117130K [0x00000000a0000000, 0x00000000a7280000, 0x00000000e0000000)
  object space 117248K, 99% used [0x00000000a0000000,0x00000000a7262b00,0x00000000a7280000)
 Metaspace       used 83215K, capacity 86776K, committed 86960K, reserved 1124352K
  class space    used 11135K, capacity 11860K, committed 11952K, reserved 1048576K
}
Event: 224.193 GC heap before
{Heap before GC invocations=19 (full 4):
 PSYoungGen      total 400896K, used 33789K [0x00000000e0000000, 0x0000000100000000, 0x0000000100000000)
  eden space 367104K, 0% used [0x00000000e0000000,0x00000000e0000000,0x00000000f6680000)
  from space 33792K, 99% used [0x00000000f6680000,0x00000000f877f4f8,0x00000000f8780000)
  to   space 61440K, 0% used [0x00000000fc400000,0x00000000fc400000,0x0000000100000000)
 ParOldGen       total 117248K, used 117130K [0x00000000a0000000, 0x00000000a7280000, 0x00000000e0000000)
  object space 117248K, 99% used [0x00000000a0000000,0x00000000a7262b00,0x00000000a7280000)
 Metaspace       used 83215K, capacity 86776K, committed 86960K, reserved 1124352K
  class space    used 11135K, capacity 11860K, committed 11952K, reserved 1048576K

